0 info it worked if it ends with ok
1 verbose cli [ 'C:\\Program Files\\nodejs\\node.exe',
1 verbose cli   'C:\\Users\\eldar\\AppData\\Roaming\\npm\\node_modules\\npm\\bin\\npm-cli.js',
1 verbose cli   'start' ]
2 info using npm@3.8.9
3 info using node@v5.7.0
4 verbose run-script [ 'prestart', 'start', 'poststart' ]
5 info lifecycle openshift-cartridge-nodejs-template@1.0.1~prestart: openshift-cartridge-nodejs-template@1.0.1
6 silly lifecycle openshift-cartridge-nodejs-template@1.0.1~prestart: no script for prestart, continuing
7 info lifecycle openshift-cartridge-nodejs-template@1.0.1~start: openshift-cartridge-nodejs-template@1.0.1
8 verbose lifecycle openshift-cartridge-nodejs-template@1.0.1~start: unsafe-perm in lifecycle true
9 verbose lifecycle openshift-cartridge-nodejs-template@1.0.1~start: PATH: C:\Users\eldar\AppData\Roaming\npm\node_modules\npm\bin\node-gyp-bin;D:\Projects\spadok\node_modules\.bin;C:\Program Files\nodejs;C:\Program Files (x86)\Python27\;C:\Program Files (x86)\Python27\Scripts;C:\ProgramData\Oracle\Java\javapath;C:\WINDOWS\system32;C:\WINDOWS;C:\WINDOWS\System32\Wbem;C:\WINDOWS\System32\WindowsPowerShell\v1.0\;C:\Program Files (x86)\Skype\Phone\;C:\Program Files (x86)\QuickTime\QTSystem\;D:\Projects\Software\apache-maven-3.3.9\bin;C:\WINDOWS\system32\config\systemprofile\.dnx\bin;C:\Program Files\Microsoft DNX\Dnvm\;C:\Program Files\nodejs\;C:\Program Files (x86)\Windows Kits\10\Windows Performance Toolkit\;C:\Program Files (x86)\Windows Live\Shared;C:\Program Files\Git\cmd;C:\Program Files (x86)\PuTTY\;C:\Ruby200\bin;C:\Users\eldar\AppData\Roaming\npm
10 verbose lifecycle openshift-cartridge-nodejs-template@1.0.1~start: CWD: D:\Projects\spadok
11 silly lifecycle openshift-cartridge-nodejs-template@1.0.1~start: Args: [ '/d /s /c', 'node --use_strict start.js' ]
12 silly lifecycle openshift-cartridge-nodejs-template@1.0.1~start: Returned: code: 1  signal: null
13 info lifecycle openshift-cartridge-nodejs-template@1.0.1~start: Failed to exec start script
14 verbose stack Error: openshift-cartridge-nodejs-template@1.0.1 start: `node --use_strict start.js`
14 verbose stack Exit status 1
14 verbose stack     at EventEmitter.<anonymous> (C:\Users\eldar\AppData\Roaming\npm\node_modules\npm\lib\utils\lifecycle.js:245:16)
14 verbose stack     at emitTwo (events.js:100:13)
14 verbose stack     at EventEmitter.emit (events.js:185:7)
14 verbose stack     at ChildProcess.<anonymous> (C:\Users\eldar\AppData\Roaming\npm\node_modules\npm\lib\utils\spawn.js:24:14)
14 verbose stack     at emitTwo (events.js:100:13)
14 verbose stack     at ChildProcess.emit (events.js:185:7)
14 verbose stack     at maybeClose (internal/child_process.js:827:16)
14 verbose stack     at Process.ChildProcess._handle.onexit (internal/child_process.js:211:5)
15 verbose pkgid openshift-cartridge-nodejs-template@1.0.1
16 verbose cwd D:\Projects\spadok
17 error Windows_NT 10.0.10586
18 error argv "C:\\Program Files\\nodejs\\node.exe" "C:\\Users\\eldar\\AppData\\Roaming\\npm\\node_modules\\npm\\bin\\npm-cli.js" "start"
19 error node v5.7.0
20 error npm  v3.8.9
21 error code ELIFECYCLE
22 error openshift-cartridge-nodejs-template@1.0.1 start: `node --use_strict start.js`
22 error Exit status 1
23 error Failed at the openshift-cartridge-nodejs-template@1.0.1 start script 'node --use_strict start.js'.
23 error Make sure you have the latest version of node.js and npm installed.
23 error If you do, this is most likely a problem with the openshift-cartridge-nodejs-template package,
23 error not with npm itself.
23 error Tell the author that this fails on your system:
23 error     node --use_strict start.js
23 error You can get information on how to open an issue for this project with:
23 error     npm bugs openshift-cartridge-nodejs-template
23 error Or if that isn't available, you can get their info via:
23 error     npm owner ls openshift-cartridge-nodejs-template
23 error There is likely additional logging output above.
24 verbose exit [ 1, true ]
